Using pre-set license

 COMMAND LINE ARGUMENTS:
/Applications/Unity/Hub/Editor/2020.3.11f1/Unity.app/Contents/MacOS/Unity
-adb2
-batchMode
-noUpm
-name
AssetImportWorker0
-projectPath
/Users/seyoungmac/fc03_beginner/fc03
-logFile
Logs/AssetImportWorker0.log
-srvPort
64937
Successfully changed project path to: /Users/seyoungmac/fc03_beginner/fc03
/Users/seyoungmac/fc03_beginner/fc03
Using Asset Import Pipeline V2.
Refreshing native plugins compatible for Editor in 38.97 ms, found 2 plugins.
Preloading 0 native plugins for Editor in 0.00 ms.
Initialize engine version: 2020.3.11f1 (99c7afb366b3)
[Subsystems] Discovering subsystems at path /Applications/Unity/Hub/Editor/2020.3.11f1/Unity.app/Contents/Resources/UnitySubsystems
[Subsystems] Discovering subsystems at path /Users/seyoungmac/fc03_beginner/fc03/Assets
GfxDevice: creating device client; threaded=0
2021-06-25 17:26:59.345 Unity[31223:1445796] Color LCD preferred device: AMD Radeon Pro 5500M (high power)
2021-06-25 17:26:59.345 Unity[31223:1445796] Metal devices available: 2
2021-06-25 17:26:59.345 Unity[31223:1445796] 0: AMD Radeon Pro 5500M (high power)
2021-06-25 17:26:59.345 Unity[31223:1445796] 1: Intel(R) UHD Graphics 630 (low power)
2021-06-25 17:26:59.345 Unity[31223:1445796] Using device AMD Radeon Pro 5500M (high power)
Initializing Metal device caps: AMD Radeon Pro 5500M
Initialize mono
Mono path[0] = '/Applications/Unity/Hub/Editor/2020.3.11f1/Unity.app/Contents/Managed'
Mono path[1] = '/Applications/Unity/Hub/Editor/2020.3.11f1/Unity.app/Contents/MonoBleedingEdge/lib/mono/unityjit'
Mono config path = '/Applications/Unity/Hub/Editor/2020.3.11f1/Unity.app/Contents/MonoBleedingEdge/etc'
Using monoOptions --debugger-agent=transport=dt_socket,embedding=1,server=y,suspend=n,address=127.0.0.1:56223
Begin MonoManager ReloadAssembly
Registering precompiled unity dll's ...
Register platform support module: /Applications/Unity/Hub/Editor/2020.3.11f1/Unity.app/Contents/PlaybackEngines/MacStandaloneSupport/UnityEditor.OSXStandalone.Extensions.dll
Registered in 0.002400 seconds.
Native extension for OSXStandalone target not found
Refreshing native plugins compatible for Editor in 32.66 ms, found 2 plugins.
Preloading 0 native plugins for Editor in 0.00 ms.
Mono: successfully reloaded assembly
- Completed reload, in  1.519 seconds
Platform modules already initialized, skipping
Registering precompiled user dll's ...
Registered in 0.006511 seconds.
Begin MonoManager ReloadAssembly
Native extension for OSXStandalone target not found
Refreshing native plugins compatible for Editor in 26.57 ms, found 2 plugins.
Preloading 0 native plugins for Editor in 0.00 ms.
Mono: successfully reloaded assembly
- Completed reload, in  1.189 seconds
Platform modules already initialized, skipping
========================================================================
Worker process is ready to serve import requests
Launching external process: /Applications/Unity/Hub/Editor/2020.3.11f1/Unity.app/Contents/Tools/UnityShaderCompiler
Launched and connected shader compiler UnityShaderCompiler after 0.01 seconds
Refreshing native plugins compatible for Editor in 0.36 ms, found 2 plugins.
Preloading 0 native plugins for Editor in 0.00 ms.
Unloading 1686 Unused Serialized files (Serialized files now loaded: 0)
System memory in use before: 151.0 MB.
System memory in use after: 151.1 MB.

Unloading 21 unused Assets to reduce memory usage. Loaded Objects now: 2123.
Total: 2.507763 ms (FindLiveObjects: 0.207227 ms CreateObjectMapping: 0.055270 ms MarkObjects: 2.167161 ms  DeleteObjects: 0.077297 ms)

========================================================================
Received Import Request.
  path: Packages/com.unity.inputsystem/package.json
  artifactKey: Guid(f0e14ea80f96b445f97b1c83650d5733) Importer(815301076,1909f56bfc062723c751e8b465ee728b)
Start importing Packages/com.unity.inputsystem/package.json using Guid(f0e14ea80f96b445f97b1c83650d5733) Importer(815301076,1909f56bfc062723c751e8b465ee728b)  -> (artifact id: '095833d9631608fc9ff53d6304e83b23') in 1.727037 seconds
  Import took 1.729919 seconds .

========================================================================
Received Import Request.
  Time since last request: 297.662702 seconds.
  path: Assets/RollaBall/Input/playerInput.inputactions
  artifactKey: Guid(5b5dde97786464da8a550cc63d2ef402) Importer(815301076,1909f56bfc062723c751e8b465ee728b)
Start importing Assets/RollaBall/Input/playerInput.inputactions using Guid(5b5dde97786464da8a550cc63d2ef402) Importer(815301076,1909f56bfc062723c751e8b465ee728b)  -> (artifact id: '3fecd9bb0977f7aebd1d2ebe8d318a27') in 0.819969 seconds
  Import took 0.824073 seconds .

========================================================================
Received Prepare
Registering precompiled user dll's ...
Registered in 0.003534 seconds.
Begin MonoManager ReloadAssembly
Native extension for OSXStandalone target not found
Refreshing native plugins compatible for Editor in 0.43 ms, found 2 plugins.
Preloading 0 native plugins for Editor in 0.00 ms.
Mono: successfully reloaded assembly
- Completed reload, in  1.169 seconds
Platform modules already initialized, skipping
Refreshing native plugins compatible for Editor in 0.33 ms, found 2 plugins.
Preloading 0 native plugins for Editor in 0.00 ms.
Unloading 1681 Unused Serialized files (Serialized files now loaded: 0)
System memory in use before: 160.8 MB.
System memory in use after: 160.9 MB.

Unloading 14 unused Assets to reduce memory usage. Loaded Objects now: 2126.
Total: 1.935524 ms (FindLiveObjects: 0.174983 ms CreateObjectMapping: 0.052803 ms MarkObjects: 1.666991 ms  DeleteObjects: 0.039932 ms)

========================================================================
Received Import Request.
  Time since last request: 39.452927 seconds.
  path: Assets/InputSystem.inputsettings.asset
  artifactKey: Guid(07425bbac84b7409d8315984c78e1e8d) Importer(815301076,1909f56bfc062723c751e8b465ee728b)
Start importing Assets/InputSystem.inputsettings.asset using Guid(07425bbac84b7409d8315984c78e1e8d) Importer(815301076,1909f56bfc062723c751e8b465ee728b)  -> (artifact id: 'ffd2a2337fc606036844c757fc20cb34') in 0.366412 seconds
  Import took 0.368942 seconds .

========================================================================
Received Prepare
Registering precompiled user dll's ...
Registered in 0.006205 seconds.
Begin MonoManager ReloadAssembly
Native extension for OSXStandalone target not found
Refreshing native plugins compatible for Editor in 0.31 ms, found 2 plugins.
Preloading 0 native plugins for Editor in 0.00 ms.
Mono: successfully reloaded assembly
- Completed reload, in  1.167 seconds
Platform modules already initialized, skipping
Refreshing native plugins compatible for Editor in 0.34 ms, found 2 plugins.
Preloading 0 native plugins for Editor in 0.00 ms.
Unloading 1681 Unused Serialized files (Serialized files now loaded: 0)
System memory in use before: 165.2 MB.
System memory in use after: 165.3 MB.

Unloading 14 unused Assets to reduce memory usage. Loaded Objects now: 2129.
Total: 1.839240 ms (FindLiveObjects: 0.134731 ms CreateObjectMapping: 0.045111 ms MarkObjects: 1.617376 ms  DeleteObjects: 0.041340 ms)

========================================================================
Received Prepare
Registering precompiled user dll's ...
Registered in 0.007722 seconds.
Begin MonoManager ReloadAssembly
Native extension for OSXStandalone target not found
Refreshing native plugins compatible for Editor in 0.32 ms, found 2 plugins.
Preloading 0 native plugins for Editor in 0.00 ms.
Mono: successfully reloaded assembly
- Completed reload, in  1.227 seconds
Platform modules already initialized, skipping
Refreshing native plugins compatible for Editor in 0.30 ms, found 2 plugins.
Preloading 0 native plugins for Editor in 0.00 ms.
Unloading 1681 Unused Serialized files (Serialized files now loaded: 0)
System memory in use before: 166.3 MB.
System memory in use after: 166.4 MB.

Unloading 14 unused Assets to reduce memory usage. Loaded Objects now: 2132.
Total: 1.842102 ms (FindLiveObjects: 0.208988 ms CreateObjectMapping: 0.049299 ms MarkObjects: 1.511209 ms  DeleteObjects: 0.071957 ms)

AssetImportWorkerClient::OnTransportError - code=2 error=End of file
