Using pre-set license

 COMMAND LINE ARGUMENTS:
/Applications/Unity/Hub/Editor/2020.3.11f1/Unity.app/Contents/MacOS/Unity
-adb2
-batchMode
-noUpm
-name
AssetImportWorker0
-projectPath
/Users/seyoungmac/fc03_beginner/fc03
-logFile
Logs/AssetImportWorker0.log
-srvPort
57151
Successfully changed project path to: /Users/seyoungmac/fc03_beginner/fc03
/Users/seyoungmac/fc03_beginner/fc03
Using Asset Import Pipeline V2.
Refreshing native plugins compatible for Editor in 26.04 ms, found 2 plugins.
Preloading 0 native plugins for Editor in 0.00 ms.
Initialize engine version: 2020.3.11f1 (99c7afb366b3)
[Subsystems] Discovering subsystems at path /Applications/Unity/Hub/Editor/2020.3.11f1/Unity.app/Contents/Resources/UnitySubsystems
[Subsystems] Discovering subsystems at path /Users/seyoungmac/fc03_beginner/fc03/Assets
GfxDevice: creating device client; threaded=0
2021-06-25 14:40:01.695 Unity[29677:1354007] Color LCD preferred device: AMD Radeon Pro 5500M (high power)
2021-06-25 14:40:01.695 Unity[29677:1354007] Metal devices available: 2
2021-06-25 14:40:01.695 Unity[29677:1354007] 0: AMD Radeon Pro 5500M (high power)
2021-06-25 14:40:01.695 Unity[29677:1354007] 1: Intel(R) UHD Graphics 630 (low power)
2021-06-25 14:40:01.695 Unity[29677:1354007] Using device AMD Radeon Pro 5500M (high power)
Initializing Metal device caps: AMD Radeon Pro 5500M
Initialize mono
Mono path[0] = '/Applications/Unity/Hub/Editor/2020.3.11f1/Unity.app/Contents/Managed'
Mono path[1] = '/Applications/Unity/Hub/Editor/2020.3.11f1/Unity.app/Contents/MonoBleedingEdge/lib/mono/unityjit'
Mono config path = '/Applications/Unity/Hub/Editor/2020.3.11f1/Unity.app/Contents/MonoBleedingEdge/etc'
Using monoOptions --debugger-agent=transport=dt_socket,embedding=1,server=y,suspend=n,address=127.0.0.1:56677
Begin MonoManager ReloadAssembly
Registering precompiled unity dll's ...
Register platform support module: /Applications/Unity/Hub/Editor/2020.3.11f1/Unity.app/Contents/PlaybackEngines/MacStandaloneSupport/UnityEditor.OSXStandalone.Extensions.dll
Registered in 0.002095 seconds.
Native extension for OSXStandalone target not found
Refreshing native plugins compatible for Editor in 24.91 ms, found 2 plugins.
Preloading 0 native plugins for Editor in 0.00 ms.
Mono: successfully reloaded assembly
- Completed reload, in  1.741 seconds
Platform modules already initialized, skipping
Registering precompiled user dll's ...
Registered in 0.005880 seconds.
Begin MonoManager ReloadAssembly
Native extension for OSXStandalone target not found
Refreshing native plugins compatible for Editor in 0.27 ms, found 2 plugins.
Preloading 0 native plugins for Editor in 0.00 ms.
Mono: successfully reloaded assembly
- Completed reload, in  1.163 seconds
Platform modules already initialized, skipping
========================================================================
Worker process is ready to serve import requests
Launching external process: /Applications/Unity/Hub/Editor/2020.3.11f1/Unity.app/Contents/Tools/UnityShaderCompiler
Launched and connected shader compiler UnityShaderCompiler after 0.01 seconds
Refreshing native plugins compatible for Editor in 0.27 ms, found 2 plugins.
Preloading 0 native plugins for Editor in 0.00 ms.
Unloading 1386 Unused Serialized files (Serialized files now loaded: 0)
System memory in use before: 135.8 MB.
System memory in use after: 135.9 MB.

Unloading 19 unused Assets to reduce memory usage. Loaded Objects now: 1819.
Total: 1.689149 ms (FindLiveObjects: 0.140545 ms CreateObjectMapping: 0.035995 ms MarkObjects: 1.430181 ms  DeleteObjects: 0.081812 ms)

========================================================================
Received Import Request.
  path: Assets/Scenes
  artifactKey: Guid(796baff50a5be4b6da4a35dee1a66ed9) Importer(815301076,1909f56bfc062723c751e8b465ee728b)
Start importing Assets/Scenes using Guid(796baff50a5be4b6da4a35dee1a66ed9) Importer(815301076,1909f56bfc062723c751e8b465ee728b)  -> (artifact id: '772f0e9d2cb988ffd998410cb5ad3c62') in 0.003451 seconds
  Import took 0.005662 seconds .

========================================================================
Received Import Request.
  Time since last request: 0.000211 seconds.
  path: Assets/Solar
  artifactKey: Guid(55e7f266f88894f9e9538dc5a4569fd6) Importer(815301076,1909f56bfc062723c751e8b465ee728b)
Start importing Assets/Solar using Guid(55e7f266f88894f9e9538dc5a4569fd6) Importer(815301076,1909f56bfc062723c751e8b465ee728b)  -> (artifact id: 'd2dd5bf1def8ee85ca753aa51b1cb1db') in 0.001266 seconds
  Import took 0.003227 seconds .

========================================================================
Received Import Request.
  Time since last request: 13.427048 seconds.
  path: Assets/RollaBall
  artifactKey: Guid(276ee173078164f3f9bcb8f06e37cb3d) Importer(815301076,1909f56bfc062723c751e8b465ee728b)
Start importing Assets/RollaBall using Guid(276ee173078164f3f9bcb8f06e37cb3d) Importer(815301076,1909f56bfc062723c751e8b465ee728b)  -> (artifact id: '0d8bde3b454e054af14be22381cf8d56') in 0.001622 seconds
  Import took 0.004549 seconds .

========================================================================
Received Import Request.
  Time since last request: 9.885869 seconds.
  path: Assets/RollaBall/Scenes
  artifactKey: Guid(9d9bf6edd75a847d0aaf0f58434c80d0) Importer(815301076,1909f56bfc062723c751e8b465ee728b)
Start importing Assets/RollaBall/Scenes using Guid(9d9bf6edd75a847d0aaf0f58434c80d0) Importer(815301076,1909f56bfc062723c751e8b465ee728b)  -> (artifact id: '6608bf00d655858915bf4bb080e792a1') in 0.001544 seconds
  Import took 0.004764 seconds .

========================================================================
Received Import Request.
  Time since last request: 7.708594 seconds.
  path: Assets/RollaBall/Scripts
  artifactKey: Guid(2a48fb6bf79b7489a9b0605451379abc) Importer(815301076,1909f56bfc062723c751e8b465ee728b)
Start importing Assets/RollaBall/Scripts using Guid(2a48fb6bf79b7489a9b0605451379abc) Importer(815301076,1909f56bfc062723c751e8b465ee728b)  -> (artifact id: '7ff28f2aebba63057a09f7b7d469b2fc') in 0.002349 seconds
  Import took 0.004719 seconds .

========================================================================
Received Import Request.
  Time since last request: 6.908297 seconds.
  path: Assets/RollaBall/Materials
  artifactKey: Guid(868615df854f54edda97c143579c98ac) Importer(815301076,1909f56bfc062723c751e8b465ee728b)
Start importing Assets/RollaBall/Materials using Guid(868615df854f54edda97c143579c98ac) Importer(815301076,1909f56bfc062723c751e8b465ee728b)  -> (artifact id: 'c20418646b6aed4c524dfc83681182fd') in 0.001581 seconds
  Import took 0.003935 seconds .

========================================================================
Received Import Request.
  Time since last request: 7.202764 seconds.
  path: Assets/RollaBall/Textures
  artifactKey: Guid(a0215b43951634d7a86dee9d4b291648) Importer(815301076,1909f56bfc062723c751e8b465ee728b)
Start importing Assets/RollaBall/Textures using Guid(a0215b43951634d7a86dee9d4b291648) Importer(815301076,1909f56bfc062723c751e8b465ee728b)  -> (artifact id: 'd7a24c77e738392be74d9af7d99c5130') in 0.001498 seconds
  Import took 0.004300 seconds .

========================================================================
Received Import Request.
  Time since last request: 58.044388 seconds.
  path: Assets/Solar/Materials
  artifactKey: Guid(f99ac5ac20c9c41efa5838c519d1edd6) Importer(815301076,1909f56bfc062723c751e8b465ee728b)
Start importing Assets/Solar/Materials using Guid(f99ac5ac20c9c41efa5838c519d1edd6) Importer(815301076,1909f56bfc062723c751e8b465ee728b)  -> (artifact id: 'a96d613a743677fe8b760f9154e0283f') in 0.001593 seconds
  Import took 0.005226 seconds .

========================================================================
Received Import Request.
  Time since last request: 11.204701 seconds.
  path: Assets/Solar/Scenes
  artifactKey: Guid(4e3bb15e5fa284cf2b5a3cd250ce07f5) Importer(815301076,1909f56bfc062723c751e8b465ee728b)
Start importing Assets/Solar/Scenes using Guid(4e3bb15e5fa284cf2b5a3cd250ce07f5) Importer(815301076,1909f56bfc062723c751e8b465ee728b)  -> (artifact id: 'b961f3828caaa60831dd41ef0ae343ba') in 0.001736 seconds
  Import took 0.004196 seconds .

========================================================================
Received Import Request.
  Time since last request: 6.892573 seconds.
  path: Assets/Solar/Scripts
  artifactKey: Guid(e8cfa488ba2da4130990eea6e2e83881) Importer(815301076,1909f56bfc062723c751e8b465ee728b)
Start importing Assets/Solar/Scripts using Guid(e8cfa488ba2da4130990eea6e2e83881) Importer(815301076,1909f56bfc062723c751e8b465ee728b)  -> (artifact id: '6450ea3b3ffadbbe11e5aba7b0c459d8') in 0.001546 seconds
  Import took 0.004249 seconds .

========================================================================
Received Import Request.
  Time since last request: 7.501267 seconds.
  path: Assets/Solar/Textures
  artifactKey: Guid(43c36a6137fcd4e07ad872af59dd94cf) Importer(815301076,1909f56bfc062723c751e8b465ee728b)
Start importing Assets/Solar/Textures using Guid(43c36a6137fcd4e07ad872af59dd94cf) Importer(815301076,1909f56bfc062723c751e8b465ee728b)  -> (artifact id: '4078a94562606d5b5d1a42c25534710e') in 0.001921 seconds
  Import took 0.005175 seconds .

========================================================================
Received Import Request.
  Time since last request: 286.529894 seconds.
  path: Assets/Solar/Scripts/EarthOrbit.cs
  artifactKey: Guid(fd1f42a14f0f040b58b2f21e106e64bf) Importer(815301076,1909f56bfc062723c751e8b465ee728b)
Start importing Assets/Solar/Scripts/EarthOrbit.cs using Guid(fd1f42a14f0f040b58b2f21e106e64bf) Importer(815301076,1909f56bfc062723c751e8b465ee728b)  -> (artifact id: '6db8e36b367bf6436ba3cc4aa5b2d862') in 0.352778 seconds
  Import took 0.355473 seconds .

========================================================================
Received Prepare
Registering precompiled user dll's ...
Registered in 0.003157 seconds.
Begin MonoManager ReloadAssembly
Native extension for OSXStandalone target not found
Refreshing native plugins compatible for Editor in 0.28 ms, found 2 plugins.
Preloading 0 native plugins for Editor in 0.00 ms.
Mono: successfully reloaded assembly
- Completed reload, in  1.188 seconds
Platform modules already initialized, skipping
Refreshing native plugins compatible for Editor in 0.30 ms, found 2 plugins.
Preloading 0 native plugins for Editor in 0.00 ms.
Unloading 1382 Unused Serialized files (Serialized files now loaded: 0)
System memory in use before: 141.1 MB.
System memory in use after: 141.2 MB.

Unloading 14 unused Assets to reduce memory usage. Loaded Objects now: 1823.
Total: 2.070651 ms (FindLiveObjects: 0.198916 ms CreateObjectMapping: 0.059188 ms MarkObjects: 1.750203 ms  DeleteObjects: 0.061407 ms)

========================================================================
Received Import Request.
  Time since last request: 83.090158 seconds.
  path: Assets/Solar/Textures/2k_sun.jpeg
  artifactKey: Guid(943395a2636a548e0bee6ab7201d6a18) Importer(815301076,1909f56bfc062723c751e8b465ee728b)
Start importing Assets/Solar/Textures/2k_sun.jpeg using Guid(943395a2636a548e0bee6ab7201d6a18) Importer(815301076,1909f56bfc062723c751e8b465ee728b)  -> (artifact id: '3757326115653d79b6cb855528df73b7') in 1.022765 seconds
  Import took 1.025524 seconds .

========================================================================
Received Import Request.
  Time since last request: 0.000246 seconds.
  path: Assets/Solar/Textures/2k_earth_daymap.jpeg
  artifactKey: Guid(b34e9674aaabd493393e8c38fa502ee6) Importer(815301076,1909f56bfc062723c751e8b465ee728b)
Start importing Assets/Solar/Textures/2k_earth_daymap.jpeg using Guid(b34e9674aaabd493393e8c38fa502ee6) Importer(815301076,1909f56bfc062723c751e8b465ee728b)  -> (artifact id: '5a1a532260be4ab5b5e552d492927834') in 0.015659 seconds
  Import took 0.018230 seconds .

========================================================================
Received Import Request.
  Time since last request: 37.826964 seconds.
  path: Assets/Solar/Textures/2k_sun.jpeg
  artifactKey: Guid(943395a2636a548e0bee6ab7201d6a18) Importer(815301076,1909f56bfc062723c751e8b465ee728b)
Start importing Assets/Solar/Textures/2k_sun.jpeg using Guid(943395a2636a548e0bee6ab7201d6a18) Importer(815301076,1909f56bfc062723c751e8b465ee728b)  -> (artifact id: '2b3181a6592ba9aade9f2b44c5de8c0a') in 0.015837 seconds
  Import took 0.018298 seconds .

========================================================================
Received Import Request.
  Time since last request: 11.088289 seconds.
  path: Assets/Solar/Textures/2k_earth_daymap.jpeg
  artifactKey: Guid(b34e9674aaabd493393e8c38fa502ee6) Importer(815301076,1909f56bfc062723c751e8b465ee728b)
Start importing Assets/Solar/Textures/2k_earth_daymap.jpeg using Guid(b34e9674aaabd493393e8c38fa502ee6) Importer(815301076,1909f56bfc062723c751e8b465ee728b)  -> (artifact id: 'd2ee82720d7e2758029dec6423d39cf6') in 0.013091 seconds
  Import took 0.015167 seconds .

========================================================================
Received Import Request.
  Time since last request: 13.832871 seconds.
  path: Assets/Solar/Materials/Sun.mat
  artifactKey: Guid(ab104f05b52d8444ab996672cda35430) Importer(815301076,1909f56bfc062723c751e8b465ee728b)
Start importing Assets/Solar/Materials/Sun.mat using Guid(ab104f05b52d8444ab996672cda35430) Importer(815301076,1909f56bfc062723c751e8b465ee728b)  -> (artifact id: '31fd5e931ae1e6e7d708a52fa210e5ab') in 1.180702 seconds
  Import took 1.183671 seconds .

========================================================================
Received Import Request.
  Time since last request: 5.620421 seconds.
  path: Assets/Solar/Materials/Earth.mat
  artifactKey: Guid(01e93a2edef84445aba47baa61fbe764) Importer(815301076,1909f56bfc062723c751e8b465ee728b)
Start importing Assets/Solar/Materials/Earth.mat using Guid(01e93a2edef84445aba47baa61fbe764) Importer(815301076,1909f56bfc062723c751e8b465ee728b)  -> (artifact id: '2e8dbda2c793616de8a01bcc67615d6e') in 0.012843 seconds
  Import took 0.015608 seconds .

========================================================================
Received Import Request.
  Time since last request: 373.325166 seconds.
  path: Assets/Solar/Scripts/EarthOrbit.cs
  artifactKey: Guid(fd1f42a14f0f040b58b2f21e106e64bf) Importer(815301076,1909f56bfc062723c751e8b465ee728b)
Start importing Assets/Solar/Scripts/EarthOrbit.cs using Guid(fd1f42a14f0f040b58b2f21e106e64bf) Importer(815301076,1909f56bfc062723c751e8b465ee728b)  -> (artifact id: '4a582b2e9f9690c360e3a51883431b98') in 0.004217 seconds
  Import took 0.006861 seconds .

========================================================================
Received Prepare
Registering precompiled user dll's ...
Registered in 0.003382 seconds.
Begin MonoManager ReloadAssembly
Native extension for OSXStandalone target not found
Refreshing native plugins compatible for Editor in 0.27 ms, found 2 plugins.
Preloading 0 native plugins for Editor in 0.00 ms.
Mono: successfully reloaded assembly
- Completed reload, in  1.007 seconds
Platform modules already initialized, skipping
Refreshing native plugins compatible for Editor in 0.25 ms, found 2 plugins.
Preloading 0 native plugins for Editor in 0.00 ms.
Unloading 1382 Unused Serialized files (Serialized files now loaded: 0)
System memory in use before: 153.9 MB.
System memory in use after: 154.0 MB.

Unloading 14 unused Assets to reduce memory usage. Loaded Objects now: 1868.
Total: 1.674967 ms (FindLiveObjects: 0.129588 ms CreateObjectMapping: 0.038016 ms MarkObjects: 1.466605 ms  DeleteObjects: 0.039924 ms)

========================================================================
Received Prepare
Registering precompiled user dll's ...
Registered in 0.005578 seconds.
Begin MonoManager ReloadAssembly
Native extension for OSXStandalone target not found
Refreshing native plugins compatible for Editor in 0.29 ms, found 2 plugins.
Preloading 0 native plugins for Editor in 0.00 ms.
Mono: successfully reloaded assembly
- Completed reload, in  1.181 seconds
Platform modules already initialized, skipping
Refreshing native plugins compatible for Editor in 0.27 ms, found 2 plugins.
Preloading 0 native plugins for Editor in 0.00 ms.
Unloading 1382 Unused Serialized files (Serialized files now loaded: 0)
System memory in use before: 154.1 MB.
System memory in use after: 154.2 MB.

Unloading 14 unused Assets to reduce memory usage. Loaded Objects now: 1871.
Total: 1.696631 ms (FindLiveObjects: 0.174237 ms CreateObjectMapping: 0.060305 ms MarkObjects: 1.421348 ms  DeleteObjects: 0.040064 ms)

========================================================================
Received Prepare
Registering precompiled user dll's ...
Registered in 0.001572 seconds.
Begin MonoManager ReloadAssembly
Native extension for OSXStandalone target not found
Refreshing native plugins compatible for Editor in 0.26 ms, found 2 plugins.
Preloading 0 native plugins for Editor in 0.00 ms.
Mono: successfully reloaded assembly
- Completed reload, in  1.103 seconds
Platform modules already initialized, skipping
Refreshing native plugins compatible for Editor in 0.24 ms, found 2 plugins.
Preloading 0 native plugins for Editor in 0.00 ms.
Unloading 1382 Unused Serialized files (Serialized files now loaded: 0)
System memory in use before: 154.3 MB.
System memory in use after: 154.3 MB.

Unloading 14 unused Assets to reduce memory usage. Loaded Objects now: 1874.
Total: 1.839259 ms (FindLiveObjects: 0.133857 ms CreateObjectMapping: 0.032788 ms MarkObjects: 1.636897 ms  DeleteObjects: 0.035084 ms)

========================================================================
Received Prepare
Registering precompiled user dll's ...
Registered in 0.001529 seconds.
Begin MonoManager ReloadAssembly
Native extension for OSXStandalone target not found
Refreshing native plugins compatible for Editor in 0.29 ms, found 2 plugins.
Preloading 0 native plugins for Editor in 0.00 ms.
Mono: successfully reloaded assembly
- Completed reload, in  1.028 seconds
Platform modules already initialized, skipping
Refreshing native plugins compatible for Editor in 0.20 ms, found 2 plugins.
Preloading 0 native plugins for Editor in 0.00 ms.
Unloading 1382 Unused Serialized files (Serialized files now loaded: 0)
System memory in use before: 154.5 MB.
System memory in use after: 154.5 MB.

Unloading 14 unused Assets to reduce memory usage. Loaded Objects now: 1877.
Total: 1.675016 ms (FindLiveObjects: 0.119523 ms CreateObjectMapping: 0.034292 ms MarkObjects: 1.482899 ms  DeleteObjects: 0.037661 ms)

========================================================================
Received Prepare
Registering precompiled user dll's ...
Registered in 0.001386 seconds.
Begin MonoManager ReloadAssembly
Native extension for OSXStandalone target not found
Refreshing native plugins compatible for Editor in 0.25 ms, found 2 plugins.
Preloading 0 native plugins for Editor in 0.00 ms.
Mono: successfully reloaded assembly
- Completed reload, in  0.962 seconds
Platform modules already initialized, skipping
Refreshing native plugins compatible for Editor in 0.21 ms, found 2 plugins.
Preloading 0 native plugins for Editor in 0.00 ms.
Unloading 1382 Unused Serialized files (Serialized files now loaded: 0)
System memory in use before: 154.6 MB.
System memory in use after: 154.7 MB.

Unloading 14 unused Assets to reduce memory usage. Loaded Objects now: 1880.
Total: 1.603960 ms (FindLiveObjects: 0.115104 ms CreateObjectMapping: 0.049417 ms MarkObjects: 1.407144 ms  DeleteObjects: 0.031655 ms)

========================================================================
Received Prepare
Registering precompiled user dll's ...
Registered in 0.003241 seconds.
Begin MonoManager ReloadAssembly
Native extension for OSXStandalone target not found
Refreshing native plugins compatible for Editor in 0.25 ms, found 2 plugins.
Preloading 0 native plugins for Editor in 0.00 ms.
Mono: successfully reloaded assembly
- Completed reload, in  1.001 seconds
Platform modules already initialized, skipping
Refreshing native plugins compatible for Editor in 0.27 ms, found 2 plugins.
Preloading 0 native plugins for Editor in 0.00 ms.
Unloading 1382 Unused Serialized files (Serialized files now loaded: 0)
System memory in use before: 154.8 MB.
System memory in use after: 154.9 MB.

Unloading 14 unused Assets to reduce memory usage. Loaded Objects now: 1883.
Total: 1.836246 ms (FindLiveObjects: 0.180312 ms CreateObjectMapping: 0.043857 ms MarkObjects: 1.568053 ms  DeleteObjects: 0.043237 ms)

========================================================================
Received Prepare
Registering precompiled user dll's ...
Registered in 0.006647 seconds.
Begin MonoManager ReloadAssembly
Native extension for OSXStandalone target not found
Refreshing native plugins compatible for Editor in 0.26 ms, found 2 plugins.
Preloading 0 native plugins for Editor in 0.00 ms.
Mono: successfully reloaded assembly
- Completed reload, in  1.085 seconds
Platform modules already initialized, skipping
Refreshing native plugins compatible for Editor in 0.26 ms, found 2 plugins.
Preloading 0 native plugins for Editor in 0.00 ms.
Unloading 1382 Unused Serialized files (Serialized files now loaded: 0)
System memory in use before: 155.0 MB.
System memory in use after: 155.1 MB.

Unloading 14 unused Assets to reduce memory usage. Loaded Objects now: 1886.
Total: 1.530750 ms (FindLiveObjects: 0.127990 ms CreateObjectMapping: 0.036578 ms MarkObjects: 1.325710 ms  DeleteObjects: 0.039758 ms)

========================================================================
Received Import Request.
  Time since last request: 555.150233 seconds.
  path: Assets/Solar/Scripts/EarthOrbit.cs
  artifactKey: Guid(fd1f42a14f0f040b58b2f21e106e64bf) Importer(815301076,1909f56bfc062723c751e8b465ee728b)
Start importing Assets/Solar/Scripts/EarthOrbit.cs using Guid(fd1f42a14f0f040b58b2f21e106e64bf) Importer(815301076,1909f56bfc062723c751e8b465ee728b)  -> (artifact id: 'bcc9249654ed720da8efc48ef21a6f03') in 0.004120 seconds
  Import took 0.006532 seconds .

========================================================================
Received Import Request.
  Time since last request: 0.000599 seconds.
  path: Assets/Solar/Scripts/EarthOrbit.cs
  artifactKey: Guid(fd1f42a14f0f040b58b2f21e106e64bf) Importer(815301076,1909f56bfc062723c751e8b465ee728b)
Start importing Assets/Solar/Scripts/EarthOrbit.cs using Guid(fd1f42a14f0f040b58b2f21e106e64bf) Importer(815301076,1909f56bfc062723c751e8b465ee728b)  -> (artifact id: 'bcc9249654ed720da8efc48ef21a6f03') in 0.001352 seconds
  Import took 0.003484 seconds .

========================================================================
Received Import Request.
  Time since last request: 97.596238 seconds.
  path: Assets/Solar/Scripts/EarthOrbit.cs
  artifactKey: Guid(fd1f42a14f0f040b58b2f21e106e64bf) Importer(815301076,1909f56bfc062723c751e8b465ee728b)
Start importing Assets/Solar/Scripts/EarthOrbit.cs using Guid(fd1f42a14f0f040b58b2f21e106e64bf) Importer(815301076,1909f56bfc062723c751e8b465ee728b)  -> (artifact id: '8bedc0cd8b7289a02b4bae1eba49135e') in 0.001310 seconds
  Import took 0.003348 seconds .

========================================================================
Received Prepare
Registering precompiled user dll's ...
Registered in 0.002572 seconds.
Begin MonoManager ReloadAssembly
Native extension for OSXStandalone target not found
Refreshing native plugins compatible for Editor in 0.25 ms, found 2 plugins.
Preloading 0 native plugins for Editor in 0.00 ms.
Mono: successfully reloaded assembly
- Completed reload, in  0.969 seconds
Platform modules already initialized, skipping
Refreshing native plugins compatible for Editor in 0.24 ms, found 2 plugins.
Preloading 0 native plugins for Editor in 0.00 ms.
Unloading 1382 Unused Serialized files (Serialized files now loaded: 0)
System memory in use before: 155.2 MB.
System memory in use after: 155.2 MB.

Unloading 14 unused Assets to reduce memory usage. Loaded Objects now: 1889.
Total: 1.533426 ms (FindLiveObjects: 0.126111 ms CreateObjectMapping: 0.031261 ms MarkObjects: 1.345310 ms  DeleteObjects: 0.030212 ms)

========================================================================
Received Prepare
Registering precompiled user dll's ...
Registered in 0.006096 seconds.
Begin MonoManager ReloadAssembly
Native extension for OSXStandalone target not found
Refreshing native plugins compatible for Editor in 0.26 ms, found 2 plugins.
Preloading 0 native plugins for Editor in 0.00 ms.
Mono: successfully reloaded assembly
- Completed reload, in  1.109 seconds
Platform modules already initialized, skipping
Refreshing native plugins compatible for Editor in 0.28 ms, found 2 plugins.
Preloading 0 native plugins for Editor in 0.00 ms.
Unloading 1382 Unused Serialized files (Serialized files now loaded: 0)
System memory in use before: 155.3 MB.
System memory in use after: 155.4 MB.

Unloading 14 unused Assets to reduce memory usage. Loaded Objects now: 1892.
Total: 1.654886 ms (FindLiveObjects: 0.134043 ms CreateObjectMapping: 0.038249 ms MarkObjects: 1.424791 ms  DeleteObjects: 0.057115 ms)

========================================================================
Received Prepare
Registering precompiled user dll's ...
Registered in 0.005531 seconds.
Begin MonoManager ReloadAssembly
Native extension for OSXStandalone target not found
Refreshing native plugins compatible for Editor in 0.25 ms, found 2 plugins.
Preloading 0 native plugins for Editor in 0.00 ms.
Mono: successfully reloaded assembly
- Completed reload, in  1.047 seconds
Platform modules already initialized, skipping
Refreshing native plugins compatible for Editor in 0.52 ms, found 2 plugins.
Preloading 0 native plugins for Editor in 0.00 ms.
Unloading 1382 Unused Serialized files (Serialized files now loaded: 0)
System memory in use before: 155.5 MB.
System memory in use after: 155.6 MB.

Unloading 14 unused Assets to reduce memory usage. Loaded Objects now: 1895.
Total: 1.687587 ms (FindLiveObjects: 0.144103 ms CreateObjectMapping: 0.041968 ms MarkObjects: 1.456621 ms  DeleteObjects: 0.044096 ms)

========================================================================
Received Prepare
Registering precompiled user dll's ...
Registered in 0.001549 seconds.
Begin MonoManager ReloadAssembly
Native extension for OSXStandalone target not found
Refreshing native plugins compatible for Editor in 0.32 ms, found 2 plugins.
Preloading 0 native plugins for Editor in 0.00 ms.
Mono: successfully reloaded assembly
- Completed reload, in  1.097 seconds
Platform modules already initialized, skipping
Refreshing native plugins compatible for Editor in 0.30 ms, found 2 plugins.
Preloading 0 native plugins for Editor in 0.00 ms.
Unloading 1382 Unused Serialized files (Serialized files now loaded: 0)
System memory in use before: 155.7 MB.
System memory in use after: 155.8 MB.

Unloading 14 unused Assets to reduce memory usage. Loaded Objects now: 1898.
Total: 1.609775 ms (FindLiveObjects: 0.205071 ms CreateObjectMapping: 0.037048 ms MarkObjects: 1.331373 ms  DeleteObjects: 0.035622 ms)

========================================================================
Received Prepare
Registering precompiled user dll's ...
Registered in 0.003498 seconds.
Begin MonoManager ReloadAssembly
Native extension for OSXStandalone target not found
Refreshing native plugins compatible for Editor in 0.27 ms, found 2 plugins.
Preloading 0 native plugins for Editor in 0.00 ms.
Mono: successfully reloaded assembly
- Completed reload, in  1.125 seconds
Platform modules already initialized, skipping
Refreshing native plugins compatible for Editor in 0.33 ms, found 2 plugins.
Preloading 0 native plugins for Editor in 0.00 ms.
Unloading 1382 Unused Serialized files (Serialized files now loaded: 0)
System memory in use before: 155.9 MB.
System memory in use after: 156.0 MB.

Unloading 14 unused Assets to reduce memory usage. Loaded Objects now: 1901.
Total: 1.926689 ms (FindLiveObjects: 0.127590 ms CreateObjectMapping: 0.087028 ms MarkObjects: 1.669883 ms  DeleteObjects: 0.041462 ms)

========================================================================
Received Prepare
Registering precompiled user dll's ...
Registered in 0.002667 seconds.
Begin MonoManager ReloadAssembly
Native extension for OSXStandalone target not found
Refreshing native plugins compatible for Editor in 0.25 ms, found 2 plugins.
Preloading 0 native plugins for Editor in 0.00 ms.
Mono: successfully reloaded assembly
- Completed reload, in  0.987 seconds
Platform modules already initialized, skipping
Refreshing native plugins compatible for Editor in 0.24 ms, found 2 plugins.
Preloading 0 native plugins for Editor in 0.00 ms.
Unloading 1382 Unused Serialized files (Serialized files now loaded: 0)
System memory in use before: 156.1 MB.
System memory in use after: 156.1 MB.

Unloading 14 unused Assets to reduce memory usage. Loaded Objects now: 1904.
Total: 1.428305 ms (FindLiveObjects: 0.126087 ms CreateObjectMapping: 0.037091 ms MarkObjects: 1.229795 ms  DeleteObjects: 0.034717 ms)

========================================================================
Received Prepare
Registering precompiled user dll's ...
Registered in 0.005423 seconds.
Begin MonoManager ReloadAssembly
Native extension for OSXStandalone target not found
Refreshing native plugins compatible for Editor in 0.26 ms, found 2 plugins.
Preloading 0 native plugins for Editor in 0.00 ms.
Mono: successfully reloaded assembly
- Completed reload, in  1.125 seconds
Platform modules already initialized, skipping
Refreshing native plugins compatible for Editor in 0.28 ms, found 2 plugins.
Preloading 0 native plugins for Editor in 0.00 ms.
Unloading 1382 Unused Serialized files (Serialized files now loaded: 0)
System memory in use before: 156.2 MB.
System memory in use after: 156.3 MB.

Unloading 14 unused Assets to reduce memory usage. Loaded Objects now: 1907.
Total: 2.090044 ms (FindLiveObjects: 0.138568 ms CreateObjectMapping: 0.036646 ms MarkObjects: 1.843010 ms  DeleteObjects: 0.070786 ms)

========================================================================
Received Prepare
Registering precompiled user dll's ...
Registered in 0.001690 seconds.
Begin MonoManager ReloadAssembly
Native extension for OSXStandalone target not found
Refreshing native plugins compatible for Editor in 0.28 ms, found 2 plugins.
Preloading 0 native plugins for Editor in 0.00 ms.
Mono: successfully reloaded assembly
- Completed reload, in  1.095 seconds
Platform modules already initialized, skipping
Refreshing native plugins compatible for Editor in 0.23 ms, found 2 plugins.
Preloading 0 native plugins for Editor in 0.00 ms.
Unloading 1382 Unused Serialized files (Serialized files now loaded: 0)
System memory in use before: 156.4 MB.
System memory in use after: 156.5 MB.

Unloading 14 unused Assets to reduce memory usage. Loaded Objects now: 1910.
Total: 1.667228 ms (FindLiveObjects: 0.138295 ms CreateObjectMapping: 0.034716 ms MarkObjects: 1.455316 ms  DeleteObjects: 0.038198 ms)

========================================================================
Received Prepare
Registering precompiled user dll's ...
Registered in 0.002929 seconds.
Begin MonoManager ReloadAssembly
Native extension for OSXStandalone target not found
Refreshing native plugins compatible for Editor in 0.35 ms, found 2 plugins.
Preloading 0 native plugins for Editor in 0.00 ms.
Mono: successfully reloaded assembly
- Completed reload, in  1.054 seconds
Platform modules already initialized, skipping
Refreshing native plugins compatible for Editor in 0.26 ms, found 2 plugins.
Preloading 0 native plugins for Editor in 0.00 ms.
Unloading 1382 Unused Serialized files (Serialized files now loaded: 0)
System memory in use before: 156.6 MB.
System memory in use after: 156.7 MB.

Unloading 14 unused Assets to reduce memory usage. Loaded Objects now: 1913.
Total: 1.560014 ms (FindLiveObjects: 0.126766 ms CreateObjectMapping: 0.035489 ms MarkObjects: 1.359404 ms  DeleteObjects: 0.037637 ms)

========================================================================
Received Import Request.
  Time since last request: 444.269322 seconds.
  path: Assets/Solar/Materials/Earth.mat
  artifactKey: Guid(01e93a2edef84445aba47baa61fbe764) Importer(815301076,1909f56bfc062723c751e8b465ee728b)
Start importing Assets/Solar/Materials/Earth.mat using Guid(01e93a2edef84445aba47baa61fbe764) Importer(815301076,1909f56bfc062723c751e8b465ee728b)  -> (artifact id: '50960815472b5685eaba424ae2d9a9cd') in 0.063311 seconds
  Import took 0.065397 seconds .

========================================================================
Received Prepare
Registering precompiled user dll's ...
Registered in 0.002971 seconds.
Begin MonoManager ReloadAssembly
Native extension for OSXStandalone target not found
Refreshing native plugins compatible for Editor in 0.28 ms, found 2 plugins.
Preloading 0 native plugins for Editor in 0.00 ms.
Mono: successfully reloaded assembly
- Completed reload, in  1.233 seconds
Platform modules already initialized, skipping
Refreshing native plugins compatible for Editor in 0.44 ms, found 2 plugins.
Preloading 0 native plugins for Editor in 0.00 ms.
Unloading 1382 Unused Serialized files (Serialized files now loaded: 0)
System memory in use before: 156.8 MB.
System memory in use after: 156.9 MB.

Unloading 14 unused Assets to reduce memory usage. Loaded Objects now: 1917.
Total: 1.858095 ms (FindLiveObjects: 0.131039 ms CreateObjectMapping: 0.036682 ms MarkObjects: 1.651842 ms  DeleteObjects: 0.037862 ms)

========================================================================
Received Prepare
Registering precompiled user dll's ...
Registered in 0.001498 seconds.
Begin MonoManager ReloadAssembly
Native extension for OSXStandalone target not found
Refreshing native plugins compatible for Editor in 0.26 ms, found 2 plugins.
Preloading 0 native plugins for Editor in 0.00 ms.
Mono: successfully reloaded assembly
- Completed reload, in  1.099 seconds
Platform modules already initialized, skipping
Refreshing native plugins compatible for Editor in 0.29 ms, found 2 plugins.
Preloading 0 native plugins for Editor in 0.00 ms.
Unloading 1382 Unused Serialized files (Serialized files now loaded: 0)
System memory in use before: 157.0 MB.
System memory in use after: 157.1 MB.

Unloading 14 unused Assets to reduce memory usage. Loaded Objects now: 1920.
Total: 1.991826 ms (FindLiveObjects: 0.286473 ms CreateObjectMapping: 0.070801 ms MarkObjects: 1.579165 ms  DeleteObjects: 0.054689 ms)

========================================================================
Received Prepare
Registering precompiled user dll's ...
Registered in 0.002812 seconds.
Begin MonoManager ReloadAssembly
Native extension for OSXStandalone target not found
Refreshing native plugins compatible for Editor in 0.28 ms, found 2 plugins.
Preloading 0 native plugins for Editor in 0.00 ms.
Mono: successfully reloaded assembly
- Completed reload, in  1.156 seconds
Platform modules already initialized, skipping
Refreshing native plugins compatible for Editor in 0.26 ms, found 2 plugins.
Preloading 0 native plugins for Editor in 0.00 ms.
Unloading 1382 Unused Serialized files (Serialized files now loaded: 0)
System memory in use before: 157.2 MB.
System memory in use after: 157.3 MB.

Unloading 14 unused Assets to reduce memory usage. Loaded Objects now: 1923.
Total: 1.676169 ms (FindLiveObjects: 0.123352 ms CreateObjectMapping: 0.033070 ms MarkObjects: 1.477926 ms  DeleteObjects: 0.041206 ms)

========================================================================
Received Prepare
Registering precompiled user dll's ...
Registered in 0.001530 seconds.
Begin MonoManager ReloadAssembly
Native extension for OSXStandalone target not found
Refreshing native plugins compatible for Editor in 0.25 ms, found 2 plugins.
Preloading 0 native plugins for Editor in 0.00 ms.
Mono: successfully reloaded assembly
- Completed reload, in  1.059 seconds
Platform modules already initialized, skipping
Refreshing native plugins compatible for Editor in 0.19 ms, found 2 plugins.
Preloading 0 native plugins for Editor in 0.00 ms.
Unloading 1382 Unused Serialized files (Serialized files now loaded: 0)
System memory in use before: 157.4 MB.
System memory in use after: 157.4 MB.

Unloading 14 unused Assets to reduce memory usage. Loaded Objects now: 1926.
Total: 1.650056 ms (FindLiveObjects: 0.145552 ms CreateObjectMapping: 0.032592 ms MarkObjects: 1.438686 ms  DeleteObjects: 0.032525 ms)

========================================================================
Received Prepare
Registering precompiled user dll's ...
Registered in 0.002872 seconds.
Begin MonoManager ReloadAssembly
Native extension for OSXStandalone target not found
Refreshing native plugins compatible for Editor in 0.31 ms, found 2 plugins.
Preloading 0 native plugins for Editor in 0.00 ms.
Mono: successfully reloaded assembly
- Completed reload, in  1.145 seconds
Platform modules already initialized, skipping
Refreshing native plugins compatible for Editor in 0.36 ms, found 2 plugins.
Preloading 0 native plugins for Editor in 0.00 ms.
Unloading 1382 Unused Serialized files (Serialized files now loaded: 0)
System memory in use before: 157.5 MB.
System memory in use after: 157.6 MB.

Unloading 14 unused Assets to reduce memory usage. Loaded Objects now: 1929.
Total: 1.746666 ms (FindLiveObjects: 0.192007 ms CreateObjectMapping: 0.035743 ms MarkObjects: 1.477649 ms  DeleteObjects: 0.040438 ms)

========================================================================
Received Prepare
Registering precompiled user dll's ...
Registered in 0.001434 seconds.
Begin MonoManager ReloadAssembly
Native extension for OSXStandalone target not found
Refreshing native plugins compatible for Editor in 0.40 ms, found 2 plugins.
Preloading 0 native plugins for Editor in 0.00 ms.
Mono: successfully reloaded assembly
- Completed reload, in  1.032 seconds
Platform modules already initialized, skipping
Refreshing native plugins compatible for Editor in 0.27 ms, found 2 plugins.
Preloading 0 native plugins for Editor in 0.00 ms.
Unloading 1382 Unused Serialized files (Serialized files now loaded: 0)
System memory in use before: 157.7 MB.
System memory in use after: 157.8 MB.

Unloading 14 unused Assets to reduce memory usage. Loaded Objects now: 1932.
Total: 2.144784 ms (FindLiveObjects: 0.259035 ms CreateObjectMapping: 0.080121 ms MarkObjects: 1.757407 ms  DeleteObjects: 0.047433 ms)

========================================================================
Received Prepare
Registering precompiled user dll's ...
Registered in 0.003198 seconds.
Begin MonoManager ReloadAssembly
Native extension for OSXStandalone target not found
Refreshing native plugins compatible for Editor in 0.31 ms, found 2 plugins.
Preloading 0 native plugins for Editor in 0.00 ms.
Mono: successfully reloaded assembly
- Completed reload, in  1.097 seconds
Platform modules already initialized, skipping
Refreshing native plugins compatible for Editor in 0.24 ms, found 2 plugins.
Preloading 0 native plugins for Editor in 0.00 ms.
Unloading 1382 Unused Serialized files (Serialized files now loaded: 0)
System memory in use before: 157.9 MB.
System memory in use after: 158.0 MB.

Unloading 14 unused Assets to reduce memory usage. Loaded Objects now: 1935.
Total: 1.907120 ms (FindLiveObjects: 0.259926 ms CreateObjectMapping: 0.077256 ms MarkObjects: 1.532096 ms  DeleteObjects: 0.037110 ms)

========================================================================
Received Prepare
Registering precompiled user dll's ...
Registered in 0.001323 seconds.
Begin MonoManager ReloadAssembly
Native extension for OSXStandalone target not found
Refreshing native plugins compatible for Editor in 0.26 ms, found 2 plugins.
Preloading 0 native plugins for Editor in 0.00 ms.
Mono: successfully reloaded assembly
- Completed reload, in  1.096 seconds
Platform modules already initialized, skipping
Refreshing native plugins compatible for Editor in 0.20 ms, found 2 plugins.
Preloading 0 native plugins for Editor in 0.00 ms.
Unloading 1382 Unused Serialized files (Serialized files now loaded: 0)
System memory in use before: 158.1 MB.
System memory in use after: 158.2 MB.

Unloading 14 unused Assets to reduce memory usage. Loaded Objects now: 1938.
Total: 1.472549 ms (FindLiveObjects: 0.120688 ms CreateObjectMapping: 0.032876 ms MarkObjects: 1.288170 ms  DeleteObjects: 0.030195 ms)

========================================================================
Received Prepare
Registering precompiled user dll's ...
Registered in 0.001460 seconds.
Begin MonoManager ReloadAssembly
Native extension for OSXStandalone target not found
Refreshing native plugins compatible for Editor in 0.28 ms, found 2 plugins.
Preloading 0 native plugins for Editor in 0.00 ms.
Mono: successfully reloaded assembly
- Completed reload, in  1.030 seconds
Platform modules already initialized, skipping
Refreshing native plugins compatible for Editor in 0.19 ms, found 2 plugins.
Preloading 0 native plugins for Editor in 0.00 ms.
Unloading 1382 Unused Serialized files (Serialized files now loaded: 0)
System memory in use before: 158.2 MB.
System memory in use after: 158.3 MB.

Unloading 14 unused Assets to reduce memory usage. Loaded Objects now: 1941.
Total: 1.530127 ms (FindLiveObjects: 0.122753 ms CreateObjectMapping: 0.034946 ms MarkObjects: 1.338695 ms  DeleteObjects: 0.033042 ms)

========================================================================
Received Import Request.
  Time since last request: 376.936337 seconds.
  path: Assets/Solar/Scripts/MaxCamera
  artifactKey: Guid(e592847e1c2574ad5a1a89219f44219a) Importer(815301076,1909f56bfc062723c751e8b465ee728b)
Start importing Assets/Solar/Scripts/MaxCamera using Guid(e592847e1c2574ad5a1a89219f44219a) Importer(815301076,1909f56bfc062723c751e8b465ee728b)  -> (artifact id: '81fc8790dce92b0aebf52b9480a5fd2a') in 0.004433 seconds
  Import took 0.006646 seconds .

========================================================================
Received Import Request.
  Time since last request: 15.921801 seconds.
  path: Assets/Solar/Scripts/MaxCamera.cs
  artifactKey: Guid(b6c3ae75f13cc4fb188a38e37113ec48) Importer(815301076,1909f56bfc062723c751e8b465ee728b)
Start importing Assets/Solar/Scripts/MaxCamera.cs using Guid(b6c3ae75f13cc4fb188a38e37113ec48) Importer(815301076,1909f56bfc062723c751e8b465ee728b)  -> (artifact id: '9016bd214b6ae7decc458f751e92a9d8') in 0.002349 seconds
  Import took 0.004526 seconds .

========================================================================
Received Import Request.
  Time since last request: 0.000245 seconds.
  path: Assets/Solar/Scripts/MaxCamera.cs
  artifactKey: Guid(b6c3ae75f13cc4fb188a38e37113ec48) Importer(815301076,1909f56bfc062723c751e8b465ee728b)
Start importing Assets/Solar/Scripts/MaxCamera.cs using Guid(b6c3ae75f13cc4fb188a38e37113ec48) Importer(815301076,1909f56bfc062723c751e8b465ee728b)  -> (artifact id: '9016bd214b6ae7decc458f751e92a9d8') in 0.002400 seconds
  Import took 0.004321 seconds .

========================================================================
Received Prepare
Registering precompiled user dll's ...
Registered in 0.003270 seconds.
Begin MonoManager ReloadAssembly
Native extension for OSXStandalone target not found
Refreshing native plugins compatible for Editor in 0.26 ms, found 2 plugins.
Preloading 0 native plugins for Editor in 0.00 ms.
Mono: successfully reloaded assembly
- Completed reload, in  1.106 seconds
Platform modules already initialized, skipping
Refreshing native plugins compatible for Editor in 0.29 ms, found 2 plugins.
Preloading 0 native plugins for Editor in 0.00 ms.
Unloading 1383 Unused Serialized files (Serialized files now loaded: 0)
System memory in use before: 158.4 MB.
System memory in use after: 158.5 MB.

Unloading 14 unused Assets to reduce memory usage. Loaded Objects now: 1945.
Total: 1.757046 ms (FindLiveObjects: 0.160681 ms CreateObjectMapping: 0.046333 ms MarkObjects: 1.503008 ms  DeleteObjects: 0.046000 ms)

========================================================================
Received Import Request.
  Time since last request: 22.185427 seconds.
  path: Assets/Solar/Scripts/MaxCamera.cs
  artifactKey: Guid(b6c3ae75f13cc4fb188a38e37113ec48) Importer(815301076,1909f56bfc062723c751e8b465ee728b)
Start importing Assets/Solar/Scripts/MaxCamera.cs using Guid(b6c3ae75f13cc4fb188a38e37113ec48) Importer(815301076,1909f56bfc062723c751e8b465ee728b)  -> (artifact id: '766b8aa577c7d39f6ce8ae81677b2472') in 0.003972 seconds
  Import took 0.006434 seconds .

========================================================================
Received Prepare
Registering precompiled user dll's ...
Registered in 0.003246 seconds.
Begin MonoManager ReloadAssembly
Native extension for OSXStandalone target not found
Refreshing native plugins compatible for Editor in 0.40 ms, found 2 plugins.
Preloading 0 native plugins for Editor in 0.00 ms.
Mono: successfully reloaded assembly
- Completed reload, in  1.120 seconds
Platform modules already initialized, skipping
Refreshing native plugins compatible for Editor in 0.37 ms, found 2 plugins.
Preloading 0 native plugins for Editor in 0.00 ms.
Unloading 1383 Unused Serialized files (Serialized files now loaded: 0)
System memory in use before: 158.6 MB.
System memory in use after: 158.7 MB.

Unloading 14 unused Assets to reduce memory usage. Loaded Objects now: 1948.
Total: 1.703547 ms (FindLiveObjects: 0.129542 ms CreateObjectMapping: 0.035427 ms MarkObjects: 1.482228 ms  DeleteObjects: 0.055588 ms)

========================================================================
Received Prepare
Registering precompiled user dll's ...
Registered in 0.007112 seconds.
Begin MonoManager ReloadAssembly
Native extension for OSXStandalone target not found
Refreshing native plugins compatible for Editor in 0.27 ms, found 2 plugins.
Preloading 0 native plugins for Editor in 0.00 ms.
Mono: successfully reloaded assembly
- Completed reload, in  1.104 seconds
Platform modules already initialized, skipping
Refreshing native plugins compatible for Editor in 0.30 ms, found 2 plugins.
Preloading 0 native plugins for Editor in 0.00 ms.
Unloading 1383 Unused Serialized files (Serialized files now loaded: 0)
System memory in use before: 158.8 MB.
System memory in use after: 158.9 MB.

Unloading 14 unused Assets to reduce memory usage. Loaded Objects now: 1951.
Total: 1.661314 ms (FindLiveObjects: 0.148193 ms CreateObjectMapping: 0.040437 ms MarkObjects: 1.429860 ms  DeleteObjects: 0.042156 ms)

========================================================================
Received Prepare
Registering precompiled user dll's ...
Registered in 0.003377 seconds.
Begin MonoManager ReloadAssembly
Native extension for OSXStandalone target not found
Refreshing native plugins compatible for Editor in 0.26 ms, found 2 plugins.
Preloading 0 native plugins for Editor in 0.00 ms.
Mono: successfully reloaded assembly
- Completed reload, in  1.125 seconds
Platform modules already initialized, skipping
Refreshing native plugins compatible for Editor in 0.29 ms, found 2 plugins.
Preloading 0 native plugins for Editor in 0.00 ms.
Unloading 1383 Unused Serialized files (Serialized files now loaded: 0)
System memory in use before: 159.0 MB.
System memory in use after: 159.1 MB.

Unloading 14 unused Assets to reduce memory usage. Loaded Objects now: 1954.
Total: 1.662643 ms (FindLiveObjects: 0.138441 ms CreateObjectMapping: 0.039158 ms MarkObjects: 1.442511 ms  DeleteObjects: 0.041781 ms)

========================================================================
Received Prepare
Registering precompiled user dll's ...
Registered in 0.002781 seconds.
Begin MonoManager ReloadAssembly
Native extension for OSXStandalone target not found
Refreshing native plugins compatible for Editor in 0.40 ms, found 2 plugins.
Preloading 0 native plugins for Editor in 0.00 ms.
Mono: successfully reloaded assembly
- Completed reload, in  1.078 seconds
Platform modules already initialized, skipping
Refreshing native plugins compatible for Editor in 0.28 ms, found 2 plugins.
Preloading 0 native plugins for Editor in 0.00 ms.
Unloading 1383 Unused Serialized files (Serialized files now loaded: 0)
System memory in use before: 159.2 MB.
System memory in use after: 159.2 MB.

Unloading 14 unused Assets to reduce memory usage. Loaded Objects now: 1957.
Total: 1.669602 ms (FindLiveObjects: 0.140343 ms CreateObjectMapping: 0.038929 ms MarkObjects: 1.447225 ms  DeleteObjects: 0.042377 ms)

========================================================================
Received Prepare
Registering precompiled user dll's ...
Registered in 0.005993 seconds.
Begin MonoManager ReloadAssembly
Native extension for OSXStandalone target not found
Refreshing native plugins compatible for Editor in 0.33 ms, found 2 plugins.
Preloading 0 native plugins for Editor in 0.00 ms.
Mono: successfully reloaded assembly
- Completed reload, in  1.140 seconds
Platform modules already initialized, skipping
Refreshing native plugins compatible for Editor in 0.25 ms, found 2 plugins.
Preloading 0 native plugins for Editor in 0.00 ms.
Unloading 1383 Unused Serialized files (Serialized files now loaded: 0)
System memory in use before: 159.3 MB.
System memory in use after: 159.4 MB.

Unloading 14 unused Assets to reduce memory usage. Loaded Objects now: 1960.
Total: 1.811831 ms (FindLiveObjects: 0.293800 ms CreateObjectMapping: 0.049723 ms MarkObjects: 1.424934 ms  DeleteObjects: 0.042427 ms)

========================================================================
Received Prepare
Registering precompiled user dll's ...
Registered in 0.001544 seconds.
Begin MonoManager ReloadAssembly
Native extension for OSXStandalone target not found
Refreshing native plugins compatible for Editor in 0.26 ms, found 2 plugins.
Preloading 0 native plugins for Editor in 0.00 ms.
Mono: successfully reloaded assembly
- Completed reload, in  1.018 seconds
Platform modules already initialized, skipping
Refreshing native plugins compatible for Editor in 0.20 ms, found 2 plugins.
Preloading 0 native plugins for Editor in 0.00 ms.
Unloading 1383 Unused Serialized files (Serialized files now loaded: 0)
System memory in use before: 159.5 MB.
System memory in use after: 159.6 MB.

Unloading 14 unused Assets to reduce memory usage. Loaded Objects now: 1963.
Total: 1.724983 ms (FindLiveObjects: 0.149116 ms CreateObjectMapping: 0.079780 ms MarkObjects: 1.462399 ms  DeleteObjects: 0.032992 ms)

========================================================================
Received Prepare
Registering precompiled user dll's ...
Registered in 0.006215 seconds.
Begin MonoManager ReloadAssembly
Native extension for OSXStandalone target not found
Refreshing native plugins compatible for Editor in 0.26 ms, found 2 plugins.
Preloading 0 native plugins for Editor in 0.00 ms.
Mono: successfully reloaded assembly
- Completed reload, in  1.050 seconds
Platform modules already initialized, skipping
Refreshing native plugins compatible for Editor in 0.27 ms, found 2 plugins.
Preloading 0 native plugins for Editor in 0.00 ms.
Unloading 1385 Unused Serialized files (Serialized files now loaded: 0)
System memory in use before: 159.8 MB.
System memory in use after: 159.8 MB.

Unloading 14 unused Assets to reduce memory usage. Loaded Objects now: 1968.
Total: 1.665936 ms (FindLiveObjects: 0.141462 ms CreateObjectMapping: 0.041709 ms MarkObjects: 1.442582 ms  DeleteObjects: 0.039359 ms)

========================================================================
Received Import Request.
  Time since last request: 1023.635808 seconds.
  path: Assets/SpaceSkies Free/Demo/DemoScene.unity
  artifactKey: Guid(47cd513b8c4397e4ca272a1ff269d933) Importer(815301076,1909f56bfc062723c751e8b465ee728b)
Start importing Assets/SpaceSkies Free/Demo/DemoScene.unity using Guid(47cd513b8c4397e4ca272a1ff269d933) Importer(815301076,1909f56bfc062723c751e8b465ee728b)  -> (artifact id: 'ac7bc42fc22a7a82cbdae2b731323019') in 0.010356 seconds
  Import took 0.012689 seconds .

========================================================================
Received Import Request.
  Time since last request: 0.004027 seconds.
  path: Assets/SpaceSkies Free/Demo/DemoScene.unity
  artifactKey: Guid(47cd513b8c4397e4ca272a1ff269d933) Importer(815301076,1909f56bfc062723c751e8b465ee728b)
Start importing Assets/SpaceSkies Free/Demo/DemoScene.unity using Guid(47cd513b8c4397e4ca272a1ff269d933) Importer(815301076,1909f56bfc062723c751e8b465ee728b)  -> (artifact id: 'ac7bc42fc22a7a82cbdae2b731323019') in 0.000933 seconds
  Import took 0.002797 seconds .

========================================================================
Received Import Request.
  Time since last request: 33.442624 seconds.
  path: Assets/SpaceSkies Free/Skybox_1/Pink_1K_Resolution.mat
  artifactKey: Guid(3e8bc5155c4c9ed46a63ac64c06408f3) Importer(815301076,1909f56bfc062723c751e8b465ee728b)
Start importing Assets/SpaceSkies Free/Skybox_1/Pink_1K_Resolution.mat using Guid(3e8bc5155c4c9ed46a63ac64c06408f3) Importer(815301076,1909f56bfc062723c751e8b465ee728b)  -> (artifact id: '586f3a9e5c41816128849b194dc85157') in 0.332315 seconds
  Import took 0.335188 seconds .

========================================================================
Received Import Request.
  Time since last request: 0.000209 seconds.
  path: Assets/SpaceSkies Free/Skybox_1/Pink_4K_Resolution.mat
  artifactKey: Guid(8401881fcb9afd34eb383fc90bbbbddc) Importer(815301076,1909f56bfc062723c751e8b465ee728b)
Start importing Assets/SpaceSkies Free/Skybox_1/Pink_4K_Resolution.mat using Guid(8401881fcb9afd34eb383fc90bbbbddc) Importer(815301076,1909f56bfc062723c751e8b465ee728b)  -> (artifact id: 'db92113502cd431b32dafad9aa52bd1c') in 0.047276 seconds
  Import took 0.050074 seconds .

========================================================================
Received Import Request.
  Time since last request: 0.000179 seconds.
  path: Assets/SpaceSkies Free/Skybox_1/Pink_2K_Resolution.mat
  artifactKey: Guid(9f69d571a9cb54943b5a80ccd6b19e96) Importer(815301076,1909f56bfc062723c751e8b465ee728b)
Start importing Assets/SpaceSkies Free/Skybox_1/Pink_2K_Resolution.mat using Guid(9f69d571a9cb54943b5a80ccd6b19e96) Importer(815301076,1909f56bfc062723c751e8b465ee728b)  -> (artifact id: '1cad0c2bd9597f390520f2fdbd8f1f4c') in 0.031453 seconds
  Import took 0.034359 seconds .

========================================================================
Received Import Request.
  Time since last request: 0.000430 seconds.
  path: Assets/SpaceSkies Free/Skybox_1/Pink_2K_Resolution.mat
  artifactKey: Guid(9f69d571a9cb54943b5a80ccd6b19e96) Importer(815301076,1909f56bfc062723c751e8b465ee728b)
Start importing Assets/SpaceSkies Free/Skybox_1/Pink_2K_Resolution.mat using Guid(9f69d571a9cb54943b5a80ccd6b19e96) Importer(815301076,1909f56bfc062723c751e8b465ee728b)  -> (artifact id: '1cad0c2bd9597f390520f2fdbd8f1f4c') in 0.029284 seconds
  Import took 0.032381 seconds .

========================================================================
Received Import Request.
  Time since last request: 6.124798 seconds.
  path: Assets/SpaceSkies Free/Skybox_1/Textures/1K_Resolution/Front_1K_TEX.png
  artifactKey: Guid(94cdbf28af4a2b942b032dd0a5d91221) Importer(815301076,1909f56bfc062723c751e8b465ee728b)
Start importing Assets/SpaceSkies Free/Skybox_1/Textures/1K_Resolution/Front_1K_TEX.png using Guid(94cdbf28af4a2b942b032dd0a5d91221) Importer(815301076,1909f56bfc062723c751e8b465ee728b)  -> (artifact id: 'b6d4e6822a2fffbbf57e3156886eb89a') in 1.072876 seconds
  Import took 1.075439 seconds .

========================================================================
Received Import Request.
  Time since last request: 0.000217 seconds.
  path: Assets/SpaceSkies Free/Skybox_1/Textures/1K_Resolution/Back_1K_TEX.png
  artifactKey: Guid(52d452284176b2741bc26215319bbb28) Importer(815301076,1909f56bfc062723c751e8b465ee728b)
Start importing Assets/SpaceSkies Free/Skybox_1/Textures/1K_Resolution/Back_1K_TEX.png using Guid(52d452284176b2741bc26215319bbb28) Importer(815301076,1909f56bfc062723c751e8b465ee728b)  -> (artifact id: 'd73bf34d0d879e945bd425e78daf2fde') in 0.009531 seconds
  Import took 0.012235 seconds .

========================================================================
Received Import Request.
  Time since last request: 0.000241 seconds.
  path: Assets/SpaceSkies Free/Skybox_1/Textures/1K_Resolution/Right_1K_TEX.png
  artifactKey: Guid(41f70e70af801c8479aa11cebd1babde) Importer(815301076,1909f56bfc062723c751e8b465ee728b)
Start importing Assets/SpaceSkies Free/Skybox_1/Textures/1K_Resolution/Right_1K_TEX.png using Guid(41f70e70af801c8479aa11cebd1babde) Importer(815301076,1909f56bfc062723c751e8b465ee728b)  -> (artifact id: '1bfda7a8d17cf4e7a6b888c297348352') in 0.009851 seconds
  Import took 0.012201 seconds .

========================================================================
Received Import Request.
  Time since last request: 0.000191 seconds.
  path: Assets/SpaceSkies Free/Skybox_1/Textures/1K_Resolution/Up_1K_TEX.png
  artifactKey: Guid(68fd53fc5d2a60d4faebe6a65d52793f) Importer(815301076,1909f56bfc062723c751e8b465ee728b)
Start importing Assets/SpaceSkies Free/Skybox_1/Textures/1K_Resolution/Up_1K_TEX.png using Guid(68fd53fc5d2a60d4faebe6a65d52793f) Importer(815301076,1909f56bfc062723c751e8b465ee728b)  -> (artifact id: '424f03da13d959fb96374fbc347b753f') in 0.010338 seconds
  Import took 0.012709 seconds .

========================================================================
Received Import Request.
  Time since last request: 0.000185 seconds.
  path: Assets/SpaceSkies Free/Skybox_1/Textures/1K_Resolution/Down_1K_TEX.png
  artifactKey: Guid(e6304ed6970a3cf4c833dabb80ee8d29) Importer(815301076,1909f56bfc062723c751e8b465ee728b)
Start importing Assets/SpaceSkies Free/Skybox_1/Textures/1K_Resolution/Down_1K_TEX.png using Guid(e6304ed6970a3cf4c833dabb80ee8d29) Importer(815301076,1909f56bfc062723c751e8b465ee728b)  -> (artifact id: 'bd129f5fce760be9cd7acb9879dbd21e') in 0.012711 seconds
  Import took 0.015084 seconds .

========================================================================
Received Import Request.
  Time since last request: 0.000190 seconds.
  path: Assets/SpaceSkies Free/Skybox_1/Textures/1K_Resolution/Left_1K_TEX.png
  artifactKey: Guid(25c03fdd40dca27499a5ecdf702bb73c) Importer(815301076,1909f56bfc062723c751e8b465ee728b)
Start importing Assets/SpaceSkies Free/Skybox_1/Textures/1K_Resolution/Left_1K_TEX.png using Guid(25c03fdd40dca27499a5ecdf702bb73c) Importer(815301076,1909f56bfc062723c751e8b465ee728b)  -> (artifact id: '47915f5992183c61dafa72462f454b48') in 0.010244 seconds
  Import took 0.012816 seconds .

========================================================================
Received Import Request.
  Time since last request: 110.051851 seconds.
  path: Assets/Solar/Scenes/solar.unity
  artifactKey: Guid(83d703dc9f80c4fc1a46dc75ac9ec9e8) Importer(815301076,1909f56bfc062723c751e8b465ee728b)
Start importing Assets/Solar/Scenes/solar.unity using Guid(83d703dc9f80c4fc1a46dc75ac9ec9e8) Importer(815301076,1909f56bfc062723c751e8b465ee728b)  -> (artifact id: '26652c405b329a731e4e2ad39f52eb0f') in 0.003214 seconds
  Import took 0.005767 seconds .

========================================================================
Received Import Request.
  Time since last request: 4.311500 seconds.
  path: Assets/SpaceSkies Free/Skybox_2/Green_1K_Resolution.mat
  artifactKey: Guid(7532f699e134c3547b373487f6b4d57f) Importer(815301076,1909f56bfc062723c751e8b465ee728b)
Start importing Assets/SpaceSkies Free/Skybox_2/Green_1K_Resolution.mat using Guid(7532f699e134c3547b373487f6b4d57f) Importer(815301076,1909f56bfc062723c751e8b465ee728b)  -> (artifact id: 'eb051ec295d65c62c1ada0e3698a3e8b') in 0.020931 seconds
  Import took 0.024260 seconds .

========================================================================
Received Import Request.
  Time since last request: 0.000193 seconds.
  path: Assets/SpaceSkies Free/Skybox_2/Green_2K_Resoution.mat
  artifactKey: Guid(269967744bbed1849a317b8175dc3f43) Importer(815301076,1909f56bfc062723c751e8b465ee728b)
Start importing Assets/SpaceSkies Free/Skybox_2/Green_2K_Resoution.mat using Guid(269967744bbed1849a317b8175dc3f43) Importer(815301076,1909f56bfc062723c751e8b465ee728b)  -> (artifact id: '999463544f1bece50023f9a15ac9662d') in 0.044741 seconds
  Import took 0.047735 seconds .

========================================================================
Received Import Request.
  Time since last request: 0.000205 seconds.
  path: Assets/SpaceSkies Free/Skybox_2/Green_4K_Resolution.mat
  artifactKey: Guid(b13109bc4674dd24ebc04b7c12437ad6) Importer(815301076,1909f56bfc062723c751e8b465ee728b)
Start importing Assets/SpaceSkies Free/Skybox_2/Green_4K_Resolution.mat using Guid(b13109bc4674dd24ebc04b7c12437ad6) Importer(815301076,1909f56bfc062723c751e8b465ee728b)  -> (artifact id: '75ad163634a77b62b9b24172141e9586') in 0.036962 seconds
  Import took 0.040390 seconds .

========================================================================
Received Import Request.
  Time since last request: 3.447155 seconds.
  path: Assets/SpaceSkies Free/Skybox_3/Purple_1K_Resolution.mat
  artifactKey: Guid(697dcc1a69e1a2c4ea5db483875ede85) Importer(815301076,1909f56bfc062723c751e8b465ee728b)
Start importing Assets/SpaceSkies Free/Skybox_3/Purple_1K_Resolution.mat using Guid(697dcc1a69e1a2c4ea5db483875ede85) Importer(815301076,1909f56bfc062723c751e8b465ee728b)  -> (artifact id: '6074a0eca764eff17ae8866f4516e468') in 0.019677 seconds
  Import took 0.022388 seconds .

========================================================================
Received Import Request.
  Time since last request: 0.000220 seconds.
  path: Assets/SpaceSkies Free/Skybox_3/Purple_4K_Resolution.mat
  artifactKey: Guid(95ebf50189f880e4aa17c4fdba9007aa) Importer(815301076,1909f56bfc062723c751e8b465ee728b)
Start importing Assets/SpaceSkies Free/Skybox_3/Purple_4K_Resolution.mat using Guid(95ebf50189f880e4aa17c4fdba9007aa) Importer(815301076,1909f56bfc062723c751e8b465ee728b)  -> (artifact id: '3c034a25000d62b8dfe338584ac9d3bd') in 0.039374 seconds
  Import took 0.042208 seconds .

========================================================================
Received Import Request.
  Time since last request: 0.000209 seconds.
  path: Assets/SpaceSkies Free/Skybox_3/Purple_2K_Resolution.mat
  artifactKey: Guid(246d4b1ad4a63004d8fcf3949494e5b3) Importer(815301076,1909f56bfc062723c751e8b465ee728b)
Start importing Assets/SpaceSkies Free/Skybox_3/Purple_2K_Resolution.mat using Guid(246d4b1ad4a63004d8fcf3949494e5b3) Importer(815301076,1909f56bfc062723c751e8b465ee728b)  -> (artifact id: 'afe4ef1dc6c85975df78e4fd621f1da4') in 0.030644 seconds
  Import took 0.033216 seconds .

========================================================================
Received Prepare
Registering precompiled user dll's ...
Registered in 0.003501 seconds.
Begin MonoManager ReloadAssembly
Native extension for OSXStandalone target not found
Refreshing native plugins compatible for Editor in 0.37 ms, found 2 plugins.
Preloading 0 native plugins for Editor in 0.00 ms.
Mono: successfully reloaded assembly
- Completed reload, in  1.006 seconds
Platform modules already initialized, skipping
Refreshing native plugins compatible for Editor in 0.28 ms, found 2 plugins.
Preloading 0 native plugins for Editor in 0.00 ms.
Unloading 1385 Unused Serialized files (Serialized files now loaded: 0)
System memory in use before: 164.8 MB.
System memory in use after: 164.9 MB.

Unloading 14 unused Assets to reduce memory usage. Loaded Objects now: 1974.
Total: 2.543745 ms (FindLiveObjects: 0.197594 ms CreateObjectMapping: 0.043383 ms MarkObjects: 2.259465 ms  DeleteObjects: 0.042480 ms)

========================================================================
Received Import Request.
  Time since last request: 4235.948309 seconds.
  path: Assets/SpaceSkies Free/Skybox_1/Textures/2K_Resolution/Back_2K_TEX.png
  artifactKey: Guid(20e38473ff639ed429d08288b1db43c8) Importer(815301076,1909f56bfc062723c751e8b465ee728b)
Start importing Assets/SpaceSkies Free/Skybox_1/Textures/2K_Resolution/Back_2K_TEX.png using Guid(20e38473ff639ed429d08288b1db43c8) Importer(815301076,1909f56bfc062723c751e8b465ee728b)  -> (artifact id: 'af02bcc8af43f2ff3053fec0c932237d') in 0.129004 seconds
  Import took 0.146862 seconds .

========================================================================
Received Import Request.
  Time since last request: 0.000279 seconds.
  path: Assets/SpaceSkies Free/Skybox_1/Textures/2K_Resolution/Down_2K_TEX.png
  artifactKey: Guid(fcc68c2cbd648c943a4a182eb75c5aec) Importer(815301076,1909f56bfc062723c751e8b465ee728b)
Start importing Assets/SpaceSkies Free/Skybox_1/Textures/2K_Resolution/Down_2K_TEX.png using Guid(fcc68c2cbd648c943a4a182eb75c5aec) Importer(815301076,1909f56bfc062723c751e8b465ee728b)  -> (artifact id: '58a05215fb157a32ef14e3b0fa7a51ae') in 0.014362 seconds
  Import took 0.016641 seconds .

========================================================================
Received Import Request.
  Time since last request: 0.000158 seconds.
  path: Assets/SpaceSkies Free/Skybox_1/Textures/2K_Resolution/Up_2K_TEX.png
  artifactKey: Guid(a096daa9a788d7342892ce655a940dba) Importer(815301076,1909f56bfc062723c751e8b465ee728b)
Start importing Assets/SpaceSkies Free/Skybox_1/Textures/2K_Resolution/Up_2K_TEX.png using Guid(a096daa9a788d7342892ce655a940dba) Importer(815301076,1909f56bfc062723c751e8b465ee728b)  -> (artifact id: '1056ad6d4a9d21881f4e97f20f311f20') in 0.025868 seconds
  Import took 0.028764 seconds .

========================================================================
Received Import Request.
  Time since last request: 0.000269 seconds.
  path: Assets/SpaceSkies Free/Skybox_1/Textures/2K_Resolution/Front_2K_TEX.png
  artifactKey: Guid(2daf11d2089545f42aa9216c3b59130f) Importer(815301076,1909f56bfc062723c751e8b465ee728b)
Start importing Assets/SpaceSkies Free/Skybox_1/Textures/2K_Resolution/Front_2K_TEX.png using Guid(2daf11d2089545f42aa9216c3b59130f) Importer(815301076,1909f56bfc062723c751e8b465ee728b)  -> (artifact id: 'e3d76bd86ecfe89055562d54021d706d') in 0.014839 seconds
  Import took 0.017276 seconds .

========================================================================
Received Import Request.
  Time since last request: 0.000142 seconds.
  path: Assets/SpaceSkies Free/Skybox_1/Textures/2K_Resolution/Right_2K_TEX.png
  artifactKey: Guid(0f0052075ea2b254cb5a17bca8f04edb) Importer(815301076,1909f56bfc062723c751e8b465ee728b)
Start importing Assets/SpaceSkies Free/Skybox_1/Textures/2K_Resolution/Right_2K_TEX.png using Guid(0f0052075ea2b254cb5a17bca8f04edb) Importer(815301076,1909f56bfc062723c751e8b465ee728b)  -> (artifact id: '229bb735675a2813ebd5790ac7e4544e') in 0.014866 seconds
  Import took 0.016848 seconds .

========================================================================
Received Import Request.
  Time since last request: 0.000199 seconds.
  path: Assets/SpaceSkies Free/Skybox_1/Textures/2K_Resolution/Left_2K_TEX.png
  artifactKey: Guid(4e305140e2a136c449648e67d9b747fc) Importer(815301076,1909f56bfc062723c751e8b465ee728b)
Start importing Assets/SpaceSkies Free/Skybox_1/Textures/2K_Resolution/Left_2K_TEX.png using Guid(4e305140e2a136c449648e67d9b747fc) Importer(815301076,1909f56bfc062723c751e8b465ee728b)  -> (artifact id: 'c692ef0765c6d18f9873ddca38e43e7e') in 0.012330 seconds
  Import took 0.014731 seconds .

========================================================================
Received Import Request.
  Time since last request: 0.273229 seconds.
  path: Assets/SpaceSkies Free/Skybox_1/Textures/4K_Resolution/Back_4K_TEX.png
  artifactKey: Guid(ea75323f20e3eaa4ea6cd5ae9763e5bd) Importer(815301076,1909f56bfc062723c751e8b465ee728b)
Start importing Assets/SpaceSkies Free/Skybox_1/Textures/4K_Resolution/Back_4K_TEX.png using Guid(ea75323f20e3eaa4ea6cd5ae9763e5bd) Importer(815301076,1909f56bfc062723c751e8b465ee728b)  -> (artifact id: 'b2766c4b81981576cbf39ae50a303d78') in 0.014596 seconds
  Import took 0.017115 seconds .

========================================================================
Received Import Request.
  Time since last request: 0.000227 seconds.
  path: Assets/SpaceSkies Free/Skybox_1/Textures/4K_Resolution/Up_4K_TEX.png
  artifactKey: Guid(e3910dca1fac1894e95d811bb9e0e995) Importer(815301076,1909f56bfc062723c751e8b465ee728b)
Start importing Assets/SpaceSkies Free/Skybox_1/Textures/4K_Resolution/Up_4K_TEX.png using Guid(e3910dca1fac1894e95d811bb9e0e995) Importer(815301076,1909f56bfc062723c751e8b465ee728b)  -> (artifact id: 'c0b73ec4ecd4df8c5e06ddc7be36276a') in 0.016714 seconds
  Import took 0.019367 seconds .

========================================================================
Received Import Request.
  Time since last request: 0.000187 seconds.
  path: Assets/SpaceSkies Free/Skybox_1/Textures/4K_Resolution/Down_4K_TEX.png
  artifactKey: Guid(3f3332868f90d9247ba60a10ab3edf8f) Importer(815301076,1909f56bfc062723c751e8b465ee728b)
Start importing Assets/SpaceSkies Free/Skybox_1/Textures/4K_Resolution/Down_4K_TEX.png using Guid(3f3332868f90d9247ba60a10ab3edf8f) Importer(815301076,1909f56bfc062723c751e8b465ee728b)  -> (artifact id: '7dbf4d9a65e03813db68127921e7b21b') in 0.021334 seconds
  Import took 0.023773 seconds .

========================================================================
Received Import Request.
  Time since last request: 0.000204 seconds.
  path: Assets/SpaceSkies Free/Skybox_1/Textures/4K_Resolution/Left_4K_TEX.png
  artifactKey: Guid(0df7cac303be5da4b8a48d3fef142f03) Importer(815301076,1909f56bfc062723c751e8b465ee728b)
Start importing Assets/SpaceSkies Free/Skybox_1/Textures/4K_Resolution/Left_4K_TEX.png using Guid(0df7cac303be5da4b8a48d3fef142f03) Importer(815301076,1909f56bfc062723c751e8b465ee728b)  -> (artifact id: '3eb87c9c9c430c734f97ee235b024425') in 0.013804 seconds
  Import took 0.016241 seconds .

========================================================================
Received Import Request.
  Time since last request: 0.000233 seconds.
  path: Assets/SpaceSkies Free/Skybox_1/Textures/4K_Resolution/Right_4K_TEX.png
  artifactKey: Guid(985fa1ea9fecfaf469918bae7e557416) Importer(815301076,1909f56bfc062723c751e8b465ee728b)
Start importing Assets/SpaceSkies Free/Skybox_1/Textures/4K_Resolution/Right_4K_TEX.png using Guid(985fa1ea9fecfaf469918bae7e557416) Importer(815301076,1909f56bfc062723c751e8b465ee728b)  -> (artifact id: 'f55e65612aed725401d9122c023e7dec') in 0.017093 seconds
  Import took 0.019366 seconds .

========================================================================
Received Import Request.
  Time since last request: 0.000211 seconds.
  path: Assets/SpaceSkies Free/Skybox_1/Textures/4K_Resolution/Front_4K_TEX.png
  artifactKey: Guid(2294659746b7dc74a9bd4b40fbbf13f1) Importer(815301076,1909f56bfc062723c751e8b465ee728b)
Start importing Assets/SpaceSkies Free/Skybox_1/Textures/4K_Resolution/Front_4K_TEX.png using Guid(2294659746b7dc74a9bd4b40fbbf13f1) Importer(815301076,1909f56bfc062723c751e8b465ee728b)  -> (artifact id: '10c36a8a3e12e4dedd24b9cf4af2df22') in 0.013295 seconds
  Import took 0.015626 seconds .

========================================================================
Received Import Request.
  Time since last request: 28.438133 seconds.
  path: Assets/SpaceSkies Free/Skybox_2/Textures/2K_Resolution
  artifactKey: Guid(4be65bedc83569b48b3f0d93a0469b7c) Importer(815301076,1909f56bfc062723c751e8b465ee728b)
Start importing Assets/SpaceSkies Free/Skybox_2/Textures/2K_Resolution using Guid(4be65bedc83569b48b3f0d93a0469b7c) Importer(815301076,1909f56bfc062723c751e8b465ee728b)  -> (artifact id: '0123ab60797664a44af7b49b2a0fc4ee') in 0.001968 seconds
  Import took 0.004646 seconds .

========================================================================
Received Import Request.
  Time since last request: 6.081472 seconds.
  path: Assets/SpaceSkies Free/Skybox_3/Textures/2K_Resolution/Back_2K_TEX.png
  artifactKey: Guid(7abd0ba876d3eec47a97c7aadc380210) Importer(815301076,1909f56bfc062723c751e8b465ee728b)
Start importing Assets/SpaceSkies Free/Skybox_3/Textures/2K_Resolution/Back_2K_TEX.png using Guid(7abd0ba876d3eec47a97c7aadc380210) Importer(815301076,1909f56bfc062723c751e8b465ee728b)  -> (artifact id: 'b5a0cb39200acdad189ca547c3b338b8') in 0.017326 seconds
  Import took 0.019855 seconds .

========================================================================
Received Import Request.
  Time since last request: 0.000199 seconds.
  path: Assets/SpaceSkies Free/Skybox_3/Textures/2K_Resolution/Down_2K_TEX.png
  artifactKey: Guid(3bd9a2ba233530b46b8e292ebf4c91de) Importer(815301076,1909f56bfc062723c751e8b465ee728b)
Start importing Assets/SpaceSkies Free/Skybox_3/Textures/2K_Resolution/Down_2K_TEX.png using Guid(3bd9a2ba233530b46b8e292ebf4c91de) Importer(815301076,1909f56bfc062723c751e8b465ee728b)  -> (artifact id: '938298757cf9689192f460df77e15cee') in 0.017227 seconds
  Import took 0.019506 seconds .

========================================================================
Received Import Request.
  Time since last request: 0.000200 seconds.
  path: Assets/SpaceSkies Free/Skybox_3/Textures/2K_Resolution/Front_2K_TEX.png
  artifactKey: Guid(2491af8887e100e46a81c63b489aebdc) Importer(815301076,1909f56bfc062723c751e8b465ee728b)
Start importing Assets/SpaceSkies Free/Skybox_3/Textures/2K_Resolution/Front_2K_TEX.png using Guid(2491af8887e100e46a81c63b489aebdc) Importer(815301076,1909f56bfc062723c751e8b465ee728b)  -> (artifact id: 'dfb6bdd3e7eef5643df44cc641a75ca0') in 0.013607 seconds
  Import took 0.015890 seconds .

========================================================================
Received Import Request.
  Time since last request: 0.000207 seconds.
  path: Assets/SpaceSkies Free/Skybox_3/Textures/2K_Resolution/Up_2K_TEX.png
  artifactKey: Guid(fe22252f676c6a04086f8e0692f39878) Importer(815301076,1909f56bfc062723c751e8b465ee728b)
Start importing Assets/SpaceSkies Free/Skybox_3/Textures/2K_Resolution/Up_2K_TEX.png using Guid(fe22252f676c6a04086f8e0692f39878) Importer(815301076,1909f56bfc062723c751e8b465ee728b)  -> (artifact id: '0af1ae5f18f4cf0a91cd7f865f3adb68') in 0.015267 seconds
  Import took 0.017778 seconds .

========================================================================
Received Import Request.
  Time since last request: 0.000194 seconds.
  path: Assets/SpaceSkies Free/Skybox_3/Textures/2K_Resolution/Left_2K_TEX.png
  artifactKey: Guid(4a641c129d021924b96b754f3ee37f14) Importer(815301076,1909f56bfc062723c751e8b465ee728b)
Start importing Assets/SpaceSkies Free/Skybox_3/Textures/2K_Resolution/Left_2K_TEX.png using Guid(4a641c129d021924b96b754f3ee37f14) Importer(815301076,1909f56bfc062723c751e8b465ee728b)  -> (artifact id: 'ddf7f10bf843fae00e9fb4695499fb10') in 0.013277 seconds
  Import took 0.015981 seconds .

========================================================================
Received Import Request.
  Time since last request: 0.000185 seconds.
  path: Assets/SpaceSkies Free/Skybox_3/Textures/2K_Resolution/Right_2K_TEX.png
  artifactKey: Guid(2292e8ca8d59bdd4a9db307994dd6ed0) Importer(815301076,1909f56bfc062723c751e8b465ee728b)
Start importing Assets/SpaceSkies Free/Skybox_3/Textures/2K_Resolution/Right_2K_TEX.png using Guid(2292e8ca8d59bdd4a9db307994dd6ed0) Importer(815301076,1909f56bfc062723c751e8b465ee728b)  -> (artifact id: 'a6effba56069270b7b174bbfe97378c1') in 0.016287 seconds
  Import took 0.018612 seconds .

========================================================================
Received Import Request.
  Time since last request: 4.526760 seconds.
  path: Assets/SpaceSkies Free/Skybox_3/Textures/4K_Resolution/Back_4K_TEX.png
  artifactKey: Guid(976f43d30e9b941428981e086b24c91f) Importer(815301076,1909f56bfc062723c751e8b465ee728b)
Start importing Assets/SpaceSkies Free/Skybox_3/Textures/4K_Resolution/Back_4K_TEX.png using Guid(976f43d30e9b941428981e086b24c91f) Importer(815301076,1909f56bfc062723c751e8b465ee728b)  -> (artifact id: 'f2bba213dfadbc6ee458e8b38824ceb2') in 0.014328 seconds
  Import took 0.016911 seconds .

========================================================================
Received Import Request.
  Time since last request: 0.000197 seconds.
  path: Assets/SpaceSkies Free/Skybox_3/Textures/4K_Resolution/Up_4K_TEX.png
  artifactKey: Guid(49a8bdde5f42613408b38567bd620391) Importer(815301076,1909f56bfc062723c751e8b465ee728b)
Start importing Assets/SpaceSkies Free/Skybox_3/Textures/4K_Resolution/Up_4K_TEX.png using Guid(49a8bdde5f42613408b38567bd620391) Importer(815301076,1909f56bfc062723c751e8b465ee728b)  -> (artifact id: 'e281b1a3e535972aad4b06875b0abde1') in 0.013769 seconds
  Import took 0.016127 seconds .

========================================================================
Received Import Request.
  Time since last request: 0.000200 seconds.
  path: Assets/SpaceSkies Free/Skybox_3/Textures/4K_Resolution/Left_4K_TEX.png
  artifactKey: Guid(0d75254716c4d2944b355b0ac02b2f06) Importer(815301076,1909f56bfc062723c751e8b465ee728b)
Start importing Assets/SpaceSkies Free/Skybox_3/Textures/4K_Resolution/Left_4K_TEX.png using Guid(0d75254716c4d2944b355b0ac02b2f06) Importer(815301076,1909f56bfc062723c751e8b465ee728b)  -> (artifact id: 'f3dfc3a478f9a2f83ceae1b3d0ecfd2f') in 0.017230 seconds
  Import took 0.019562 seconds .

========================================================================
Received Import Request.
  Time since last request: 0.000199 seconds.
  path: Assets/SpaceSkies Free/Skybox_3/Textures/4K_Resolution/Down_4K_TEX.png
  artifactKey: Guid(f05bd0dfe0c5b254daa70bf1b61342f4) Importer(815301076,1909f56bfc062723c751e8b465ee728b)
Start importing Assets/SpaceSkies Free/Skybox_3/Textures/4K_Resolution/Down_4K_TEX.png using Guid(f05bd0dfe0c5b254daa70bf1b61342f4) Importer(815301076,1909f56bfc062723c751e8b465ee728b)  -> (artifact id: '5a50f8221e5044f1f771c6cf68ec1324') in 0.016647 seconds
  Import took 0.019100 seconds .

========================================================================
Received Import Request.
  Time since last request: 0.000187 seconds.
  path: Assets/SpaceSkies Free/Skybox_3/Textures/4K_Resolution/Front_4K_TEX.png
  artifactKey: Guid(00f1123b0b858d44cb5eb000321c86e3) Importer(815301076,1909f56bfc062723c751e8b465ee728b)
Start importing Assets/SpaceSkies Free/Skybox_3/Textures/4K_Resolution/Front_4K_TEX.png using Guid(00f1123b0b858d44cb5eb000321c86e3) Importer(815301076,1909f56bfc062723c751e8b465ee728b)  -> (artifact id: 'b511b245f6628cf500929f519a7b593d') in 0.014088 seconds
  Import took 0.016410 seconds .

========================================================================
Received Import Request.
  Time since last request: 0.000194 seconds.
  path: Assets/SpaceSkies Free/Skybox_3/Textures/4K_Resolution/Right_4K_TEX.png
  artifactKey: Guid(85da55c4089e9664d84bfa1285a9c787) Importer(815301076,1909f56bfc062723c751e8b465ee728b)
Start importing Assets/SpaceSkies Free/Skybox_3/Textures/4K_Resolution/Right_4K_TEX.png using Guid(85da55c4089e9664d84bfa1285a9c787) Importer(815301076,1909f56bfc062723c751e8b465ee728b)  -> (artifact id: '196217c8d0f4bc275d7171a30f478f72') in 0.014184 seconds
  Import took 0.016522 seconds .

========================================================================
Received Import Request.
  Time since last request: 0.005099 seconds.
  path: Assets/SpaceSkies Free/Skybox_3/Textures/4K_Resolution/Right_4K_TEX.png
  artifactKey: Guid(85da55c4089e9664d84bfa1285a9c787) Importer(815301076,1909f56bfc062723c751e8b465ee728b)
Start importing Assets/SpaceSkies Free/Skybox_3/Textures/4K_Resolution/Right_4K_TEX.png using Guid(85da55c4089e9664d84bfa1285a9c787) Importer(815301076,1909f56bfc062723c751e8b465ee728b)  -> (artifact id: '196217c8d0f4bc275d7171a30f478f72') in 0.010731 seconds
  Import took 0.013119 seconds .

